src\dn\init.js:113: WARNING - Property visitor never defined on data.result
        var visitor = data.result.visitor;
                      ^

src\dn\notice.js:14: WARNING - assignment to property notice of dn
found   : {}
required: function (string, (string|undefined)): undefined
goog.provide('dn.notice');
                 ^

src\er\Action.js:442: WARNING - Bad type annotation. Unknown type ui.PagableList
     * @type {?ui.PagableList}
                             ^

src\er\Action.js:491: WARNING - Property formSearch never defined on er.ListAction
    this.form = this.formSearch || this.form;
                ^

src\ui\Dialog.confirm.js:161: WARNING - Property oncancel never defined on Object
      oncancel = args.oncancel,
                 ^

src\ui\Dialog.js:282: WARNING - condition always evaluates to true
left : null
right: null
        if (this.keyHandler == null) {
                            ^

src\ui\MediaUploader.js:105: WARNING - Function parseFloat: called with 2 argument(s). Function requires at least 1 argument(s) and no more than 1 argument(s).
  var value = parseFloat(maxFileSize, 10);
                        ^

src\ui\MediaUploader.js:198: WARNING - Property fileSize never defined on HTMLInputElement
        var fileSize = fileEl.fileSize || fileEl.size || 0;
                       ^

src\ui\MonthView.js:120: WARNING - Property getStrRef of type ui.MonthView has been deprecated.
                    (virtual ? '' : me.getStrRef() + '.selectByItem(this)')
                                    ^

src\ui\MultiCalendar.js:94: WARNING - assignment to property view of ui.MultiCalendar
found   : {begin: Date, end: Date}
required: (null|string)
    this.view = {
              ^

src\ui\MultiCalendar.js:759: WARNING - Property end never defined on Date
        if (date && date.begin && date.end) {
                                  ^

src\ui\TextInput.js:144: WARNING - Property disabled never defined on ui.TextInput
        !!me.disabled ? me.disable() : me.enable();
          ^

src\ui\Timeline.js:136: WARNING - actual parameter 3 of baidu.dom.setStyle does not match formal parameter
found   : number
required: string
        baidu.dom.setStyle(me.picBoxId, 'height', video.config.size.FIXED_OPERATE_WIDTH * me.model.height / me.model.width + 50);
                                                                                                                           ^

src\ui\Timeline.js:140: WARNING - Function parseInt: called with 1 argument(s). Function requires at least 2 argument(s) and no more than 2 argument(s).
        me.initPositionLeft = parseInt(positionArr[0]);
                                      ^

src\ui\Timeline.js:141: WARNING - Function parseInt: called with 1 argument(s). Function requires at least 2 argument(s) and no more than 2 argument(s).
        me.initPositionTop = parseInt(positionArr[1]);
                                     ^

src\ui\Timeline.js:234: WARNING - Function parseInt: called with 1 argument(s). Function requires at least 2 argument(s) and no more than 2 argument(s).
          me.curPos = parseInt(parseInt(baidu.dom.getStyle(dom, 'left')) / me.stepWidth) + 1 + me.headFrameCount;
                              ^

src\ui\Timeline.js:234: WARNING - Function parseInt: called with 1 argument(s). Function requires at least 2 argument(s) and no more than 2 argument(s).
          me.curPos = parseInt(parseInt(baidu.dom.getStyle(dom, 'left')) / me.stepWidth) + 1 + me.headFrameCount;
                                       ^

src\ui\Timeline.js:239: WARNING - Function parseInt: called with 1 argument(s). Function requires at least 2 argument(s) and no more than 2 argument(s).
          baidu.dom.setStyle(dom, 'left', parseInt((me.curPos - me.headFrameCount - 1) * me.stepWidth));
                                                  ^

src\ui\Timeline.js:239: WARNING - actual parameter 3 of baidu.dom.setStyle does not match formal parameter
found   : number
required: string
          baidu.dom.setStyle(dom, 'left', parseInt((me.curPos - me.headFrameCount - 1) * me.stepWidth));
                                                  ^

src\ui\Timeline.js:258: WARNING - Property onFirstShowPic never defined on me
        me.onFirstShowPic(img);
        ^

src\ui\Timeline.js:316: WARNING - Bad type annotation. expected closing }
     * @param {Boolean=(true|false)} action 控制时间线 前进/后退 的参数
                       ^

src\ui\Timeline.js:316: WARNING - Bad type annotation. expecting a variable name in a @param tag
     * @param {Boolean=(true|false)} action 控制时间线 前进/后退 的参数
                       ^

src\ui\Timeline.js:485: WARNING - mismatch in declaration of superclass type
found   : ui.Control
required: ui.InputControl
baidu.inherits(ui.Timeline, ui.Control);
              ^

src\ui\Uploader.js:222: WARNING - Property getStrRef of type ui.Uploader has been deprecated.
  var callback = control.getStrRef() + '.processResponse';
                 ^

src\ui\VideoConvertUploader.js:63: WARNING - condition always evaluates to the same value
left : string
right: boolean
  if (data.success === true) {
                   ^

src\ui\VideoUploader.js:68: WARNING - Property getStrRef of type ui.VideoUploader has been deprecated.
  var callback = 'parent.' + this.getStrRef() + '.processResponse';
                             ^

src\ui\util.js:135: WARNING - Property createControl of type ui.Lib has been deprecated.
            control = this.createControl(uiAttr, child);
                      ^

src\video\editForm.js:41: WARNING - Function parseInt: called with 1 argument(s). Function requires at least 2 argument(s) and no more than 2 argument(s).
	    me.videoInfo.width = parseInt(baidu.dom.getStyle(tmpImgObj, 'width'));
	                                 ^

src\video\editForm.js:42: WARNING - Function parseInt: called with 1 argument(s). Function requires at least 2 argument(s) and no more than 2 argument(s).
	    me.videoInfo.height = parseInt(baidu.dom.getStyle(tmpImgObj, 'height'));
	                                  ^

src\video\editForm.js:48: WARNING - actual parameter 1 of baidu.object.each does not match formal parameter
found   : *
required: (Object|null)
    baidu.object.each(me.videoInfo, function(value, key){
                      ^

src\video\editForm.js:56: WARNING - actual parameter 1 of baidu.object.extend does not match formal parameter
found   : *
required: (Object|null)
    baidu.object.extend(me.videoInfo, {
                        ^

src\video\editForm.js:64: WARNING - actual parameter 2 of baidu.object.extend does not match formal parameter
found   : *
required: (Object|null)
    }, me.videoInfo));
       ^

src\video\editForm.js:71: WARNING - Function parseInt: called with 1 argument(s). Function requires at least 2 argument(s) and no more than 2 argument(s).
      return (parseInt(timeArr[0]) * 3600 + parseInt(timeArr[1]) * 60 + parseFloat(timeArr[2])) * 1000
                      ^

src\video\editForm.js:71: WARNING - Function parseInt: called with 1 argument(s). Function requires at least 2 argument(s) and no more than 2 argument(s).
      return (parseInt(timeArr[0]) * 3600 + parseInt(timeArr[1]) * 60 + parseFloat(timeArr[2])) * 1000
                                                    ^

src\video\editForm.js:97: WARNING - Function parseInt: called with 1 argument(s). Function requires at least 2 argument(s) and no more than 2 argument(s).
            parseInt(baidu.dom.getStyle(this.timeline.picBoxId, 'height')) +
                    ^

src\video\editForm.js:98: WARNING - Function parseInt: called with 1 argument(s). Function requires at least 2 argument(s) and no more than 2 argument(s).
            parseInt(baidu.dom.getStyle(this.timeline.picBoxId, 'padding-top')) +
                    ^

src\video\editForm.js:99: WARNING - Function parseInt: called with 1 argument(s). Function requires at least 2 argument(s) and no more than 2 argument(s).
            parseInt(baidu.dom.getStyle(this.timeline.picBoxId, 'padding-bottom')) + 'px'
                    ^

src\video\editForm.js:143: WARNING - Property cancelSelection never defined on imgAreaSelectInstance
                        imgAreaSelectInstance.cancelSelection();
                        ^

src\video\editForm.js:148: WARNING - Property y1 never defined on selection
                        top : selection.y1,
                              ^

src\video\editForm.js:149: WARNING - Property x1 never defined on selection
                        left : selection.x1,
                               ^

src\video\editForm.js:150: WARNING - Property x2 never defined on selection
                        right : me.timeline.frameWidth - selection.x2,
                                                         ^

src\video\editForm.js:151: WARNING - Property y2 never defined on selection
                        bottom : me.timeline.frameHeight - selection.y2,
                                                           ^

src\video\editForm.js:249: WARNING - Property gen_video_path never defined on data.result
        = baidu.string.trim(data.result.gen_video_path) + '?random=' + Math.random();
                            ^

src\video\editForm.js:252: WARNING - Property gen_video_path never defined on data.result
        = video.config.FFMPEG_PATH + baidu.string.trim(data.result.gen_video_path) + '?random=' + Math.random();
                                                       ^

0 error(s), 44 warning(s), 77.9% typed
